This file contains any messages produced by compilers while
running configure, to aid debugging if configure makes a mistake.

It was created by configure, which was
generated by GNU Autoconf 2.57.  Invocation command line was

  $ ../../libiconv-1.9.2-src/libcharset/configure --prefix=c:/progra~1/LibIconv --prefix=c:/progra~1/LibIconv --srcdir=../libiconv-1.9.2-src --disable-static --enable-shared --enable-relocatable --enable-extra-encodings --cache-file=/dev/null --srcdir=../../libiconv-1.9.2-src/libcharset

## --------- ##
## Platform. ##
## --------- ##

hostname = gamma
uname -m = i686
uname -r = 1.5.11(0.116/4/2)
uname -s = CYGWIN_NT-5.1
uname -v = 2004-09-04 23:17

/usr/bin/uname -p = unknown
/bin/uname -X     = unknown

/bin/arch              = unknown
/usr/bin/arch -k       = unknown
/usr/convex/getsysinfo = unknown
hostinfo               = unknown
/bin/machine           = unknown
/usr/bin/oslevel       = unknown
/bin/universe          = unknown

PATH: /cygdrive/h/mingw/3.3.1/bin
PATH: /usr/bin
PATH: /usr/local/bin
PATH: /cygdrive/e/util
PATH: /cygdrive/e/program files/gnuwin32/bin
PATH: /cygdrive/e/progra~1/ssh
PATH: /cygdrive/h/gnuwin32/bin
PATH: /cygdrive/h/mingw/3.3.1/bin
PATH: /cygdrive/h/tex/bin/win32
PATH: /usr/bin
PATH: /cygdrive/c/WINDOWS/system32
PATH: /cygdrive/c/WINDOWS
PATH: /cygdrive/c/WINDOWS/System32/Wbem
PATH: /cygdrive/e/Program Files/NTrksupport
PATH: /cygdrive/e/Program Files/Support Tools/


## ----------- ##
## Core tests. ##
## ----------- ##

configure:1359: loading site script k:/config.site
| # These two variables are required, otherwise looking for
| # programs along the PATH will not work.
| PATH_SEPARATOR=:
| PATH_EXPAND=y
| PWD=`pwd.sh`
| 
| # This is required in for "test -f foo" to find foo.exe
| export TEST_FINDS_EXE=y
| 
| # Install programs
| INSTALL=${INSTALL:='/bin/install.exe -cpD'}
| INSTALL_DATA=${INSTALL_DATA:='/bin/install.exe -cp'}
| INSTALL_PROGRAM=${INSTALL_PROGRAM:='/bin/install.exe -cpD'}
| 
| # Do not detect fork even if a stub is provided
| ac_cv_func_fork=no
| ac_cv_func_vfork=no
| 
| ac_cv_func_fchdir=no
| 
| # Detect socket functions 
| ac_cv_func_gethostbyname=yes
| ac_cv_func_inet_ntoa=yes
| ac_cv_func_gethostbyaddr=yes
| ac_cv_func_gethostname=yes
| ac_cv_func_connect=yes
| 
| ac_cv_func_ftruncate=yes
| ac_cv_func_mkstemp=yes
| ac_cv_var_tzname=yes
| ac_cv_func_working_mktime=yes
| 
| ac_cv_sys_file_offset_bits=64
| ac_cv_sys_large_files=1
| ac_cv_sys_largefile_source=1
| enable_largefile=yes
| 
| # These are set here so the generated libtool will be good
| # for every installation, not only the one where the
| # package was configured.
| NM=${NM='nm'}
| LD=${LD='ld'}
| 
| # Force the test for 'ln -s' to report 'cp -fp'.
| ac_cv_prog_LN_S=${ac_cv_prog_LN_S:='cp -fp'}
| cl_cv_prog_LN=${cl_cv_prog_LN:='cp -fp'}
| cl_cv_prog_LN_S=${cl_cv_prog_LN_S:='cp -fp'}
| LN_S=${LN_S:='cp -fp'}
| LN=${LN:='cp -fp'}
| 
| ac_executable_extensions=${ac_executable_extensions:='.exe'}
| EXEEXT=${EXEEXT:='.exe'}
| EXE=${EXE:='.exe'}
| exeext=${exeext:='.exe'}
| 
| CC=${CC:=gcc}
| CXX=${CXX:=g++}
| #HOST_CC=gcc
| 
| GLIBCINCDIR=${GLIBCINCDIR=h:/glibc/include}
| if [ "$GLIBCINCDIR" != "" ]; then
| 	GLIBCINCL="-idirafter $GLIBCINCDIR"
| fi
| GNUWIN32DIR=${GNUWIN32DIR=e:/progra~1/gnuwin32}
| if [ "$GNUWIN32DIR" != "" ]; then
| 	GNUWIN32INCL="-I$GNUWIN32DIR/include"
| 	GNUWIN32LIBS="-L$GNUWIN32DIR/lib -lgw32c"
| else
| 	enable_nls=no
| fi
| 
| STDEFS=${STDEFS:=-D__GW32__ -D_LARGEFILE_SOURCE=1 -D_LARGEFILE64_SOURCE=1 -D_FILE_OFFSET_BITS=64}
| # -D__GTHREAD_HIDE_WIN32API
| DEFS=${DEFS:= $STDEFS $DEFSPLUS }
| DEFINES=${DEFINES:= $DEFS $DEFINESPLUS }
| INCLUDES=${INCLUDES:= $INCLUDESPLUS $GNUWIN32INCL $GLIBCINCL }
| STCFLAGS=${STCFLAGS:=-Wall -O3 -fms-extensions -mms-bitfields  -fno-exceptions -fomit-frame-pointer -march=i386 -mcpu=i686}
| CFLAGS=${CFLAGS:= $STCFLAGS $CFLAGSPLUS }
| # -fnative-struct 
| 
| CXXFLAGS=${CXXFLAGS:= $CFLAGS  -fconserve-space -fno-rtti $CXXFLAGSPLUS }
| CPPFLAGS=${CPPFLAGS:= $DEFS $INCLUDES $CPPFLAGSPLUS }
| 
| STLDFLAGS=${STLDFLAGS:=-Wl,-s -Wl,--force-exe-suffix -Wl,--enable-auto-import -Wl,--enable-runtime-pseudo-reloc}
| LDFLAGS=${LDFLAGS:= $STLDFLAGS $LDFLAGSPLUS }
| STLIBS=${STLIBS:=$GNUWIN32LIBS  -liberty -lintl -liconv -lwsock32 -lole32 -luuid -lmsvcp60 }
| LIBS=${LIBS:= -Wl,-s $LIBSPLUS $STLIBS }
| # 
| 
| host=${host:='i386-pc-mingw32'}
| build=${build:=$host}
| target=${target:=$host}
| host_alias=${host_alias:=$host}
| build_alias=${build_alias:=$build}
| target_alias=${target_alias:=$target}
| 
| # the following lines should ensure that NLS is used
| # by means of separate libintl instead of
| # the libintl provided with the package
| with_included_gettext=${with_included_gettext:=no}
| enable_nls=${enable_nls:=yes}
| nls_cv_use_gnu_gettext=${nls_cv_use_gnu_gettext:=yes}
| USE_NLS=${USE_NLS:=yes}
| LIBINTL=${LIBINTL:=' -lintl '}
| LTLIBINTL=${LTLIBINTL:=' -lintl '}
| BUILD_INCLUDED_LIBINTL=${BUILD_INCLUDED_LIBINTL:=no}
| USE_INCLUDED_LIBINTL=${USE_INCLUDED_LIBINTL:=no}
| 
| test "$prefix" = NONE && prefix=$PACKAGE_TARNAME
| prefix=${prefix:=c:/progra~1/GnuWin32}
configure:1485: checking whether make sets $(MAKE)
configure:1505: result: yes
configure:1567: checking for gcc
configure:1593: result: gcc
configure:1837: checking for C compiler version
configure:1840: gcc --version </dev/null >&5
gcc.exe (GCC) 3.3.1 (mingw special 20030804-1)
Copyright (C) 2003 Free Software Foundation, Inc.
This is free software; see the source for copying conditions.  There is NO
warranty; not even for MERCHANTABILITY or FITNESS FOR A PARTICULAR PURPOSE.

configure:1843: $? = 0
configure:1845: gcc -v </dev/null >&5
Reading specs from h:/mingw/3.3.1/bin/../lib/gcc-lib/mingw32/3.3.1/specs
Configured with: ../gcc/configure --with-gcc --with-gnu-ld --with-gnu-as --host=mingw32 --target=mingw32 --prefix=/mingw --enable-threads --disable-nls --enable-languages=c,c++,f77,objc,ada,java --disable-win32-registry --disable-shared --enable-sjlj-exceptions --enable-libgcj --disable-java-awt --without-x --enable-java-gc=boehm --disable-libgcj-debug --enable-interpreter --enable-hash-synchronization
Thread model: win32
gcc version 3.3.1 (mingw special 20030804-1)
configure:1848: $? = 0
configure:1850: gcc -V </dev/null >&5
gcc.exe: `-V' option must have argument
configure:1853: $? = 1
configure:1877: checking for C compiler default output
configure:1880: gcc  -Wall -O3 -fms-extensions -mms-bitfields  -fno-exceptions -fomit-frame-pointer -march=i386 -mcpu=i686     -D__GW32__ -D_LARGEFILE_SOURCE=1 -D_LARGEFILE64_SOURCE=1 -D_FILE_OFFSET_BITS=64     -Ie:/progra~1/gnuwin32/include -idirafter h:/glibc/include     -Wl,-s -Wl,--force-exe-suffix -Wl,--enable-auto-import -Wl,--enable-runtime-pseudo-reloc   conftest.c  -Wl,-s  -Le:/progra~1/gnuwin32/lib -lgw32c  -liberty -lintl -liconv -lwsock32 -lole32 -luuid -lmsvcp60   >&5
configure:1883: $? = 0
configure:1929: result: a.exe
configure:1934: checking whether the C compiler works
configure:1940: ./a.exe
configure:1943: $? = 0
configure:1960: result: yes
configure:1967: checking whether we are cross compiling
configure:1969: result: no
configure:1972: checking for suffix of executables
configure:1974: gcc -o conftest.exe  -Wall -O3 -fms-extensions -mms-bitfields  -fno-exceptions -fomit-frame-pointer -march=i386 -mcpu=i686     -D__GW32__ -D_LARGEFILE_SOURCE=1 -D_LARGEFILE64_SOURCE=1 -D_FILE_OFFSET_BITS=64     -Ie:/progra~1/gnuwin32/include -idirafter h:/glibc/include     -Wl,-s -Wl,--force-exe-suffix -Wl,--enable-auto-import -Wl,--enable-runtime-pseudo-reloc   conftest.c  -Wl,-s  -Le:/progra~1/gnuwin32/lib -lgw32c  -liberty -lintl -liconv -lwsock32 -lole32 -luuid -lmsvcp60   >&5
configure:1977: $? = 0
configure:2002: result: .exe
configure:2008: checking for suffix of object files
configure:2030: gcc -c  -Wall -O3 -fms-extensions -mms-bitfields  -fno-exceptions -fomit-frame-pointer -march=i386 -mcpu=i686     -D__GW32__ -D_LARGEFILE_SOURCE=1 -D_LARGEFILE64_SOURCE=1 -D_FILE_OFFSET_BITS=64     -Ie:/progra~1/gnuwin32/include -idirafter h:/glibc/include    conftest.c >&5
configure:2033: $? = 0
configure:2055: result: o
configure:2059: checking whether we are using the GNU C compiler
configure:2084: gcc -c  -Wall -O3 -fms-extensions -mms-bitfields  -fno-exceptions -fomit-frame-pointer -march=i386 -mcpu=i686     -D__GW32__ -D_LARGEFILE_SOURCE=1 -D_LARGEFILE64_SOURCE=1 -D_FILE_OFFSET_BITS=64     -Ie:/progra~1/gnuwin32/include -idirafter h:/glibc/include    conftest.c >&5
configure:2087: $? = 0
configure:2090: test -s conftest.o
configure:2093: $? = 0
configure:2106: result: yes
configure:2112: checking whether gcc accepts -g
configure:2134: gcc -c -g   -D__GW32__ -D_LARGEFILE_SOURCE=1 -D_LARGEFILE64_SOURCE=1 -D_FILE_OFFSET_BITS=64     -Ie:/progra~1/gnuwin32/include -idirafter h:/glibc/include    conftest.c >&5
configure:2137: $? = 0
configure:2140: test -s conftest.o
configure:2143: $? = 0
configure:2154: result: yes
configure:2171: checking for gcc option to accept ANSI C
configure:2232: gcc  -c  -Wall -O3 -fms-extensions -mms-bitfields  -fno-exceptions -fomit-frame-pointer -march=i386 -mcpu=i686     -D__GW32__ -D_LARGEFILE_SOURCE=1 -D_LARGEFILE64_SOURCE=1 -D_FILE_OFFSET_BITS=64     -Ie:/progra~1/gnuwin32/include -idirafter h:/glibc/include    conftest.c >&5
configure:2235: $? = 0
configure:2238: test -s conftest.o
configure:2241: $? = 0
configure:2259: result: none needed
configure:2277: gcc -c  -Wall -O3 -fms-extensions -mms-bitfields  -fno-exceptions -fomit-frame-pointer -march=i386 -mcpu=i686     -D__GW32__ -D_LARGEFILE_SOURCE=1 -D_LARGEFILE64_SOURCE=1 -D_FILE_OFFSET_BITS=64     -Ie:/progra~1/gnuwin32/include -idirafter h:/glibc/include    conftest.c >&5
conftest.c:2: error: parse error before "me"
configure:2280: $? = 1
configure: failed program was:
| #ifndef __cplusplus
|   choke me
| #endif
configure:2394: checking how to run the C preprocessor
configure:2430: gcc -E   -D__GW32__ -D_LARGEFILE_SOURCE=1 -D_LARGEFILE64_SOURCE=1 -D_FILE_OFFSET_BITS=64     -Ie:/progra~1/gnuwin32/include -idirafter h:/glibc/include    conftest.c
configure:2436: $? = 0
configure:2468: gcc -E   -D__GW32__ -D_LARGEFILE_SOURCE=1 -D_LARGEFILE64_SOURCE=1 -D_FILE_OFFSET_BITS=64     -Ie:/progra~1/gnuwin32/include -idirafter h:/glibc/include    conftest.c
configure:2467:28: ac_nonexistent.h: No such file or directory
configure:2474: $? = 1
configure: failed program was:
| #line 2459 "configure"
| /* confdefs.h.  */
| 
| #define PACKAGE_NAME ""
| #define PACKAGE_TARNAME ""
| #define PACKAGE_VERSION ""
| #define PACKAGE_STRING ""
| #define PACKAGE_BUGREPORT ""
| /* end confdefs.h.  */
| #include <ac_nonexistent.h>
configure:2512: result: gcc -E
configure:2537: gcc -E   -D__GW32__ -D_LARGEFILE_SOURCE=1 -D_LARGEFILE64_SOURCE=1 -D_FILE_OFFSET_BITS=64     -Ie:/progra~1/gnuwin32/include -idirafter h:/glibc/include    conftest.c
configure:2543: $? = 0
configure:2575: gcc -E   -D__GW32__ -D_LARGEFILE_SOURCE=1 -D_LARGEFILE64_SOURCE=1 -D_FILE_OFFSET_BITS=64     -Ie:/progra~1/gnuwin32/include -idirafter h:/glibc/include    conftest.c
configure:2574:28: ac_nonexistent.h: No such file or directory
configure:2581: $? = 1
configure: failed program was:
| #line 2566 "configure"
| /* confdefs.h.  */
| 
| #define PACKAGE_NAME ""
| #define PACKAGE_TARNAME ""
| #define PACKAGE_VERSION ""
| #define PACKAGE_STRING ""
| #define PACKAGE_BUGREPORT ""
| /* end confdefs.h.  */
| #include <ac_nonexistent.h>
configure:2625: checking for egrep
configure:2635: result: grep -E
configure:2641: checking whether gcc needs -traditional
configure:2675:20: termio.h: No such file or directory
configure:2685: result: no
configure:2704: checking for a BSD-compatible install
configure:2758: result: /bin/install.exe -cpD
configure:2777: checking build system type
configure:2795: result: i386-pc-mingw32
configure:2803: checking host system type
configure:2817: result: i386-pc-mingw32
configure:2828: checking whether to activate relocatable installation
configure:2843: result: yes
configure:2863: checking for AIX
configure:2886: result: no
configure:2892: checking for ANSI C header files
configure:2918: gcc -c  -Wall -O3 -fms-extensions -mms-bitfields  -fno-exceptions -fomit-frame-pointer -march=i386 -mcpu=i686     -D__GW32__ -D_LARGEFILE_SOURCE=1 -D_LARGEFILE64_SOURCE=1 -D_FILE_OFFSET_BITS=64     -Ie:/progra~1/gnuwin32/include -idirafter h:/glibc/include    conftest.c >&5
configure:2921: $? = 0
configure:2924: test -s conftest.o
configure:2927: $? = 0
configure:3016: gcc -o conftest.exe  -Wall -O3 -fms-extensions -mms-bitfields  -fno-exceptions -fomit-frame-pointer -march=i386 -mcpu=i686     -D__GW32__ -D_LARGEFILE_SOURCE=1 -D_LARGEFILE64_SOURCE=1 -D_FILE_OFFSET_BITS=64     -Ie:/progra~1/gnuwin32/include -idirafter h:/glibc/include     -Wl,-s -Wl,--force-exe-suffix -Wl,--enable-auto-import -Wl,--enable-runtime-pseudo-reloc   conftest.c  -Wl,-s  -Le:/progra~1/gnuwin32/lib -lgw32c  -liberty -lintl -liconv -lwsock32 -lole32 -luuid -lmsvcp60   >&5
configure: In function `main':
configure:3013: warning: implicit declaration of function `exit'
configure:3019: $? = 0
configure:3021: ./conftest.exe
configure:3024: $? = 0
configure:3039: result: yes
configure:3063: checking for sys/types.h
configure:3080: gcc -c  -Wall -O3 -fms-extensions -mms-bitfields  -fno-exceptions -fomit-frame-pointer -march=i386 -mcpu=i686     -D__GW32__ -D_LARGEFILE_SOURCE=1 -D_LARGEFILE64_SOURCE=1 -D_FILE_OFFSET_BITS=64     -Ie:/progra~1/gnuwin32/include -idirafter h:/glibc/include    conftest.c >&5
configure:3083: $? = 0
configure:3086: test -s conftest.o
configure:3089: $? = 0
configure:3100: result: yes
configure:3063: checking for sys/stat.h
configure:3080: gcc -c  -Wall -O3 -fms-extensions -mms-bitfields  -fno-exceptions -fomit-frame-pointer -march=i386 -mcpu=i686     -D__GW32__ -D_LARGEFILE_SOURCE=1 -D_LARGEFILE64_SOURCE=1 -D_FILE_OFFSET_BITS=64     -Ie:/progra~1/gnuwin32/include -idirafter h:/glibc/include    conftest.c >&5
configure:3083: $? = 0
configure:3086: test -s conftest.o
configure:3089: $? = 0
configure:3100: result: yes
configure:3063: checking for stdlib.h
configure:3080: gcc -c  -Wall -O3 -fms-extensions -mms-bitfields  -fno-exceptions -fomit-frame-pointer -march=i386 -mcpu=i686     -D__GW32__ -D_LARGEFILE_SOURCE=1 -D_LARGEFILE64_SOURCE=1 -D_FILE_OFFSET_BITS=64     -Ie:/progra~1/gnuwin32/include -idirafter h:/glibc/include    conftest.c >&5
configure:3083: $? = 0
configure:3086: test -s conftest.o
configure:3089: $? = 0
configure:3100: result: yes
configure:3063: checking for string.h
configure:3080: gcc -c  -Wall -O3 -fms-extensions -mms-bitfields  -fno-exceptions -fomit-frame-pointer -march=i386 -mcpu=i686     -D__GW32__ -D_LARGEFILE_SOURCE=1 -D_LARGEFILE64_SOURCE=1 -D_FILE_OFFSET_BITS=64     -Ie:/progra~1/gnuwin32/include -idirafter h:/glibc/include    conftest.c >&5
configure:3083: $? = 0
configure:3086: test -s conftest.o
configure:3089: $? = 0
configure:3100: result: yes
configure:3063: checking for memory.h
configure:3080: gcc -c  -Wall -O3 -fms-extensions -mms-bitfields  -fno-exceptions -fomit-frame-pointer -march=i386 -mcpu=i686     -D__GW32__ -D_LARGEFILE_SOURCE=1 -D_LARGEFILE64_SOURCE=1 -D_FILE_OFFSET_BITS=64     -Ie:/progra~1/gnuwin32/include -idirafter h:/glibc/include    conftest.c >&5
configure:3083: $? = 0
configure:3086: test -s conftest.o
configure:3089: $? = 0
configure:3100: result: yes
configure:3063: checking for strings.h
configure:3080: gcc -c  -Wall -O3 -fms-extensions -mms-bitfields  -fno-exceptions -fomit-frame-pointer -march=i386 -mcpu=i686     -D__GW32__ -D_LARGEFILE_SOURCE=1 -D_LARGEFILE64_SOURCE=1 -D_FILE_OFFSET_BITS=64     -Ie:/progra~1/gnuwin32/include -idirafter h:/glibc/include    conftest.c >&5
configure:3083: $? = 0
configure:3086: test -s conftest.o
configure:3089: $? = 0
configure:3100: result: yes
configure:3063: checking for inttypes.h
configure:3080: gcc -c  -Wall -O3 -fms-extensions -mms-bitfields  -fno-exceptions -fomit-frame-pointer -march=i386 -mcpu=i686     -D__GW32__ -D_LARGEFILE_SOURCE=1 -D_LARGEFILE64_SOURCE=1 -D_FILE_OFFSET_BITS=64     -Ie:/progra~1/gnuwin32/include -idirafter h:/glibc/include    conftest.c >&5
configure:3083: $? = 0
configure:3086: test -s conftest.o
configure:3089: $? = 0
configure:3100: result: yes
configure:3063: checking for stdint.h
configure:3080: gcc -c  -Wall -O3 -fms-extensions -mms-bitfields  -fno-exceptions -fomit-frame-pointer -march=i386 -mcpu=i686     -D__GW32__ -D_LARGEFILE_SOURCE=1 -D_LARGEFILE64_SOURCE=1 -D_FILE_OFFSET_BITS=64     -Ie:/progra~1/gnuwin32/include -idirafter h:/glibc/include    conftest.c >&5
configure:3083: $? = 0
configure:3086: test -s conftest.o
configure:3089: $? = 0
configure:3100: result: yes
configure:3063: checking for unistd.h
configure:3080: gcc -c  -Wall -O3 -fms-extensions -mms-bitfields  -fno-exceptions -fomit-frame-pointer -march=i386 -mcpu=i686     -D__GW32__ -D_LARGEFILE_SOURCE=1 -D_LARGEFILE64_SOURCE=1 -D_FILE_OFFSET_BITS=64     -Ie:/progra~1/gnuwin32/include -idirafter h:/glibc/include    conftest.c >&5
configure:3083: $? = 0
configure:3086: test -s conftest.o
configure:3089: $? = 0
configure:3100: result: yes
configure:3122: checking minix/config.h usability
configure:3135: gcc -c  -Wall -O3 -fms-extensions -mms-bitfields  -fno-exceptions -fomit-frame-pointer -march=i386 -mcpu=i686     -D__GW32__ -D_LARGEFILE_SOURCE=1 -D_LARGEFILE64_SOURCE=1 -D_FILE_OFFSET_BITS=64     -Ie:/progra~1/gnuwin32/include -idirafter h:/glibc/include    conftest.c >&5
configure:3177:26: minix/config.h: No such file or directory
configure:3138: $? = 1
configure: failed program was:
| #line 3124 "configure"
| /* confdefs.h.  */
| 
| #define PACKAGE_NAME ""
| #define PACKAGE_TARNAME ""
| #define PACKAGE_VERSION ""
| #define PACKAGE_STRING ""
| #define PACKAGE_BUGREPORT ""
| #define INSTALLPREFIX "c:/progra~1/LibIconv"
| #define STDC_HEADERS 1
| #define HAVE_SYS_TYPES_H 1
| #define HAVE_SYS_STAT_H 1
| #define HAVE_STDLIB_H 1
| #define HAVE_STRING_H 1
| #define HAVE_MEMORY_H 1
| #define HAVE_STRINGS_H 1
| #define HAVE_INTTYPES_H 1
| #define HAVE_STDINT_H 1
| #define HAVE_UNISTD_H 1
| /* end confdefs.h.  */
| #include <stdio.h>
| #if HAVE_SYS_TYPES_H
| # include <sys/types.h>
| #endif
| #if HAVE_SYS_STAT_H
| # include <sys/stat.h>
| #endif
| #if STDC_HEADERS
| # include <stdlib.h>
| # include <stddef.h>
| #else
| # if HAVE_STDLIB_H
| #  include <stdlib.h>
| # endif
| #endif
| #if HAVE_STRING_H
| # if !STDC_HEADERS && HAVE_MEMORY_H
| #  include <memory.h>
| # endif
| # include <string.h>
| #endif
| #if HAVE_STRINGS_H
| # include <strings.h>
| #endif
| #if HAVE_INTTYPES_H
| # include <inttypes.h>
| #else
| # if HAVE_STDINT_H
| #  include <stdint.h>
| # endif
| #endif
| #if HAVE_UNISTD_H
| # include <unistd.h>
| #endif
| #include <minix/config.h>
configure:3154: result: no
configure:3158: checking minix/config.h presence
configure:3169: gcc -E   -D__GW32__ -D_LARGEFILE_SOURCE=1 -D_LARGEFILE64_SOURCE=1 -D_FILE_OFFSET_BITS=64     -Ie:/progra~1/gnuwin32/include -idirafter h:/glibc/include    conftest.c
configure:3179:26: minix/config.h: No such file or directory
configure:3175: $? = 1
configure: failed program was:
| #line 3160 "configure"
| /* confdefs.h.  */
| 
| #define PACKAGE_NAME ""
| #define PACKAGE_TARNAME ""
| #define PACKAGE_VERSION ""
| #define PACKAGE_STRING ""
| #define PACKAGE_BUGREPORT ""
| #define INSTALLPREFIX "c:/progra~1/LibIconv"
| #define STDC_HEADERS 1
| #define HAVE_SYS_TYPES_H 1
| #define HAVE_SYS_STAT_H 1
| #define HAVE_STDLIB_H 1
| #define HAVE_STRING_H 1
| #define HAVE_MEMORY_H 1
| #define HAVE_STRINGS_H 1
| #define HAVE_INTTYPES_H 1
| #define HAVE_STDINT_H 1
| #define HAVE_UNISTD_H 1
| /* end confdefs.h.  */
| #include <minix/config.h>
configure:3194: result: no
configure:3230: checking for minix/config.h
configure:3237: result: no
configure:3267: checking for strerror in -lcposix
configure:3298: gcc -o conftest.exe  -Wall -O3 -fms-extensions -mms-bitfields  -fno-exceptions -fomit-frame-pointer -march=i386 -mcpu=i686     -D__GW32__ -D_LARGEFILE_SOURCE=1 -D_LARGEFILE64_SOURCE=1 -D_FILE_OFFSET_BITS=64     -Ie:/progra~1/gnuwin32/include -idirafter h:/glibc/include     -Wl,-s -Wl,--force-exe-suffix -Wl,--enable-auto-import -Wl,--enable-runtime-pseudo-reloc   conftest.c -lcposix   -Wl,-s  -Le:/progra~1/gnuwin32/lib -lgw32c  -liberty -lintl -liconv -lwsock32 -lole32 -luuid -lmsvcp60   >&5
h:\mingw\3.3.1\bin\..\lib\gcc-lib\mingw32\3.3.1\..\..\..\..\mingw32\bin\ld.exe: cannot find -lcposix
configure:3301: $? = 1
configure: failed program was:
| #line 3274 "configure"
| /* confdefs.h.  */
| 
| #define PACKAGE_NAME ""
| #define PACKAGE_TARNAME ""
| #define PACKAGE_VERSION ""
| #define PACKAGE_STRING ""
| #define PACKAGE_BUGREPORT ""
| #define INSTALLPREFIX "c:/progra~1/LibIconv"
| #define STDC_HEADERS 1
| #define HAVE_SYS_TYPES_H 1
| #define HAVE_SYS_STAT_H 1
| #define HAVE_STDLIB_H 1
| #define HAVE_STRING_H 1
| #define HAVE_MEMORY_H 1
| #define HAVE_STRINGS_H 1
| #define HAVE_INTTYPES_H 1
| #define HAVE_STDINT_H 1
| #define HAVE_UNISTD_H 1
| /* end confdefs.h.  */
| 
| /* Override any gcc2 internal prototype to avoid an error.  */
| #ifdef __cplusplus
| extern "C"
| #endif
| /* We use char because int might match the return type of a gcc2
|    builtin and then its argument prototype would still apply.  */
| char strerror ();
| int
| main ()
| {
| strerror ();
|   ;
|   return 0;
| }
configure:3319: result: no
configure:3407: checking for a sed that does not truncate output
configure:3461: result: /usr/bin/sed
configure:3475: checking for ld used by gcc
configure:3542: result: ld
configure:3551: checking if the linker (ld) is GNU ld
configure:3566: result: yes
configure:3571: checking for ld option to reload object files
configure:3578: result: -r
configure:3587: checking for BSD-compatible nm
configure:3629: result: nm
configure:3633: checking whether ln -s works
configure:3637: result: yes
configure:3644: checking how to recognise dependent libraries
configure:3844: result: file_magic ^x86 archive import|^x86 DLL
configure:4076: checking for dlltool
configure:4092: found /cygdrive/h/mingw/3.3.1/bin/dlltool
configure:4103: result: dlltool
configure:4156: checking for as
configure:4172: found /cygdrive/h/mingw/3.3.1/bin/as
configure:4183: result: as
configure:4236: checking for objdump
configure:4252: found /cygdrive/h/mingw/3.3.1/bin/objdump
configure:4263: result: objdump
configure:4296: checking dlfcn.h usability
configure:4309: gcc -c  -Wall -O3 -fms-extensions -mms-bitfields  -fno-exceptions -fomit-frame-pointer -march=i386 -mcpu=i686     -D__GW32__ -D_LARGEFILE_SOURCE=1 -D_LARGEFILE64_SOURCE=1 -D_FILE_OFFSET_BITS=64     -Ie:/progra~1/gnuwin32/include -idirafter h:/glibc/include    conftest.c >&5
configure:4312: $? = 0
configure:4315: test -s conftest.o
configure:4318: $? = 0
configure:4328: result: yes
configure:4332: checking dlfcn.h presence
configure:4343: gcc -E   -D__GW32__ -D_LARGEFILE_SOURCE=1 -D_LARGEFILE64_SOURCE=1 -D_FILE_OFFSET_BITS=64     -Ie:/progra~1/gnuwin32/include -idirafter h:/glibc/include    conftest.c
configure:4349: $? = 0
configure:4368: result: yes
configure:4404: checking for dlfcn.h
configure:4411: result: yes
configure:4518: checking for C++ compiler version
configure:4521: g++ --version </dev/null >&5
g++.exe (GCC) 3.3.1 (mingw special 20030804-1)
Copyright (C) 2003 Free Software Foundation, Inc.
This is free software; see the source for copying conditions.  There is NO
warranty; not even for MERCHANTABILITY or FITNESS FOR A PARTICULAR PURPOSE.

configure:4524: $? = 0
configure:4526: g++ -v </dev/null >&5
Reading specs from h:/mingw/3.3.1/bin/../lib/gcc-lib/mingw32/3.3.1/specs
Configured with: ../gcc/configure --with-gcc --with-gnu-ld --with-gnu-as --host=mingw32 --target=mingw32 --prefix=/mingw --enable-threads --disable-nls --enable-languages=c,c++,f77,objc,ada,java --disable-win32-registry --disable-shared --enable-sjlj-exceptions --enable-libgcj --disable-java-awt --without-x --enable-java-gc=boehm --disable-libgcj-debug --enable-interpreter --enable-hash-synchronization
Thread model: win32
gcc version 3.3.1 (mingw special 20030804-1)
configure:4529: $? = 0
configure:4531: g++ -V </dev/null >&5
g++.exe: `-V' option must have argument
configure:4534: $? = 1
configure:4537: checking whether we are using the GNU C++ compiler
configure:4562: g++ -c   -Wall -O3 -fms-extensions -mms-bitfields  -fno-exceptions -fomit-frame-pointer -march=i386 -mcpu=i686    -fconserve-space -fno-rtti     -D__GW32__ -D_LARGEFILE_SOURCE=1 -D_LARGEFILE64_SOURCE=1 -D_FILE_OFFSET_BITS=64     -Ie:/progra~1/gnuwin32/include -idirafter h:/glibc/include    conftest.cc >&5
configure:4565: $? = 0
configure:4568: test -s conftest.o
configure:4571: $? = 0
configure:4584: result: yes
configure:4590: checking whether g++ accepts -g
configure:4612: g++ -c -g   -D__GW32__ -D_LARGEFILE_SOURCE=1 -D_LARGEFILE64_SOURCE=1 -D_FILE_OFFSET_BITS=64     -Ie:/progra~1/gnuwin32/include -idirafter h:/glibc/include    conftest.cc >&5
configure:4615: $? = 0
configure:4618: test -s conftest.o
configure:4621: $? = 0
configure:4632: result: yes
configure:4676: g++ -c   -Wall -O3 -fms-extensions -mms-bitfields  -fno-exceptions -fomit-frame-pointer -march=i386 -mcpu=i686    -fconserve-space -fno-rtti     -D__GW32__ -D_LARGEFILE_SOURCE=1 -D_LARGEFILE64_SOURCE=1 -D_FILE_OFFSET_BITS=64     -Ie:/progra~1/gnuwin32/include -idirafter h:/glibc/include    conftest.cc >&5
configure:4679: $? = 0
configure:4682: test -s conftest.o
configure:4685: $? = 0
configure:4712: g++ -c   -Wall -O3 -fms-extensions -mms-bitfields  -fno-exceptions -fomit-frame-pointer -march=i386 -mcpu=i686    -fconserve-space -fno-rtti     -D__GW32__ -D_LARGEFILE_SOURCE=1 -D_LARGEFILE64_SOURCE=1 -D_FILE_OFFSET_BITS=64     -Ie:/progra~1/gnuwin32/include -idirafter h:/glibc/include    conftest.cc >&5
configure: In function `int main()':
configure:4719: error: `exit' undeclared (first use this function)
configure:4719: error: (Each undeclared identifier is reported only once for 
   each function it appears in.)
configure:4715: $? = 1
configure: failed program was:
| #line 4695 "configure"
| /* confdefs.h.  */
| 
| #define PACKAGE_NAME ""
| #define PACKAGE_TARNAME ""
| #define PACKAGE_VERSION ""
| #define PACKAGE_STRING ""
| #define PACKAGE_BUGREPORT ""
| #define INSTALLPREFIX "c:/progra~1/LibIconv"
| #define STDC_HEADERS 1
| #define HAVE_SYS_TYPES_H 1
| #define HAVE_SYS_STAT_H 1
| #define HAVE_STDLIB_H 1
| #define HAVE_STRING_H 1
| #define HAVE_MEMORY_H 1
| #define HAVE_STRINGS_H 1
| #define HAVE_INTTYPES_H 1
| #define HAVE_STDINT_H 1
| #define HAVE_UNISTD_H 1
| #define HAVE_DLFCN_H 1
| /* end confdefs.h.  */
| 
| int
| main ()
| {
| exit (42);
|   ;
|   return 0;
| }
configure:4676: g++ -c   -Wall -O3 -fms-extensions -mms-bitfields  -fno-exceptions -fomit-frame-pointer -march=i386 -mcpu=i686    -fconserve-space -fno-rtti     -D__GW32__ -D_LARGEFILE_SOURCE=1 -D_LARGEFILE64_SOURCE=1 -D_FILE_OFFSET_BITS=64     -Ie:/progra~1/gnuwin32/include -idirafter h:/glibc/include    conftest.cc >&5
configure:4679: $? = 0
configure:4682: test -s conftest.o
configure:4685: $? = 0
configure:4712: g++ -c   -Wall -O3 -fms-extensions -mms-bitfields  -fno-exceptions -fomit-frame-pointer -march=i386 -mcpu=i686    -fconserve-space -fno-rtti     -D__GW32__ -D_LARGEFILE_SOURCE=1 -D_LARGEFILE64_SOURCE=1 -D_FILE_OFFSET_BITS=64     -Ie:/progra~1/gnuwin32/include -idirafter h:/glibc/include    conftest.cc >&5
configure:4715: $? = 0
configure:4718: test -s conftest.o
configure:4721: $? = 0
configure:4749: checking how to run the C++ preprocessor
configure:4781: g++ -E   -D__GW32__ -D_LARGEFILE_SOURCE=1 -D_LARGEFILE64_SOURCE=1 -D_FILE_OFFSET_BITS=64     -Ie:/progra~1/gnuwin32/include -idirafter h:/glibc/include    conftest.cc
configure:4787: $? = 0
configure:4819: g++ -E   -D__GW32__ -D_LARGEFILE_SOURCE=1 -D_LARGEFILE64_SOURCE=1 -D_FILE_OFFSET_BITS=64     -Ie:/progra~1/gnuwin32/include -idirafter h:/glibc/include    conftest.cc
configure:4833:28: ac_nonexistent.h: No such file or directory
configure:4825: $? = 1
configure: failed program was:
| #line 4810 "configure"
| /* confdefs.h.  */
| 
| #define PACKAGE_NAME ""
| #define PACKAGE_TARNAME ""
| #define PACKAGE_VERSION ""
| #define PACKAGE_STRING ""
| #define PACKAGE_BUGREPORT ""
| #define INSTALLPREFIX "c:/progra~1/LibIconv"
| #define STDC_HEADERS 1
| #define HAVE_SYS_TYPES_H 1
| #define HAVE_SYS_STAT_H 1
| #define HAVE_STDLIB_H 1
| #define HAVE_STRING_H 1
| #define HAVE_MEMORY_H 1
| #define HAVE_STRINGS_H 1
| #define HAVE_INTTYPES_H 1
| #define HAVE_STDINT_H 1
| #define HAVE_UNISTD_H 1
| #define HAVE_DLFCN_H 1
| #ifdef __cplusplus
| #include <stdlib.h>
| #endif
| /* end confdefs.h.  */
| #include <ac_nonexistent.h>
configure:4863: result: g++ -E
configure:4888: g++ -E   -D__GW32__ -D_LARGEFILE_SOURCE=1 -D_LARGEFILE64_SOURCE=1 -D_FILE_OFFSET_BITS=64     -Ie:/progra~1/gnuwin32/include -idirafter h:/glibc/include    conftest.cc
configure:4894: $? = 0
configure:4926: g++ -E   -D__GW32__ -D_LARGEFILE_SOURCE=1 -D_LARGEFILE64_SOURCE=1 -D_FILE_OFFSET_BITS=64     -Ie:/progra~1/gnuwin32/include -idirafter h:/glibc/include    conftest.cc
configure:4940:28: ac_nonexistent.h: No such file or directory
configure:4932: $? = 1
configure: failed program was:
| #line 4917 "configure"
| /* confdefs.h.  */
| 
| #define PACKAGE_NAME ""
| #define PACKAGE_TARNAME ""
| #define PACKAGE_VERSION ""
| #define PACKAGE_STRING ""
| #define PACKAGE_BUGREPORT ""
| #define INSTALLPREFIX "c:/progra~1/LibIconv"
| #define STDC_HEADERS 1
| #define HAVE_SYS_TYPES_H 1
| #define HAVE_SYS_STAT_H 1
| #define HAVE_STDLIB_H 1
| #define HAVE_STRING_H 1
| #define HAVE_MEMORY_H 1
| #define HAVE_STRINGS_H 1
| #define HAVE_INTTYPES_H 1
| #define HAVE_STDINT_H 1
| #define HAVE_UNISTD_H 1
| #define HAVE_DLFCN_H 1
| #ifdef __cplusplus
| #include <stdlib.h>
| #endif
| /* end confdefs.h.  */
| #include <ac_nonexistent.h>
configure:5026: checking for g77
configure:5042: found /cygdrive/h/mingw/3.3.1/bin/g77
configure:5052: result: g77
configure:5070: checking for Fortran 77 compiler version
configure:5070: g77 --version </dev/null >&5
GNU Fortran (GCC) 3.3.1 (mingw special 20030804-1)
Copyright (C) 2002 Free Software Foundation, Inc.

GNU Fortran comes with NO WARRANTY, to the extent permitted by law.
You may redistribute copies of GNU Fortran
under the terms of the GNU General Public License.
For more information about these matters, see the file named COPYING
or type the command `info -f g77 Copying'.
configure:5073: $? = 0
configure:5075: g77 -v </dev/null >&5
Reading specs from h:/mingw/3.3.1/bin/../lib/gcc-lib/mingw32/3.3.1/specs
Configured with: ../gcc/configure --with-gcc --with-gnu-ld --with-gnu-as --host=mingw32 --target=mingw32 --prefix=/mingw --enable-threads --disable-nls --enable-languages=c,c++,f77,objc,ada,java --disable-win32-registry --disable-shared --enable-sjlj-exceptions --enable-libgcj --disable-java-awt --without-x --enable-java-gc=boehm --disable-libgcj-debug --enable-interpreter --enable-hash-synchronization
Thread model: win32
gcc version 3.3.1 (mingw special 20030804-1)
configure:5078: $? = 0
configure:5080: g77 -V </dev/null >&5
g77.exe: `-V' option must have argument
configure:5083: $? = 1
configure:5090: checking whether we are using the GNU Fortran 77 compiler
configure:5104: g77 -c  conftest.F >&5
configure:5107: $? = 0
configure:5110: test -s conftest.o
configure:5113: $? = 0
configure:5126: result: yes
configure:5133: checking whether g77 accepts -g
configure:5145: g77 -c -g conftest.f >&5
configure:5148: $? = 0
configure:5151: test -s conftest.o
configure:5154: $? = 0
configure:5166: result: yes
configure:5194: checking the maximum length of command line arguments
configure:5253: result: 8192
configure:5264: checking command to parse nm output from gcc object
configure:5353: gcc -c  -Wall -O3 -fms-extensions -mms-bitfields  -fno-exceptions -fomit-frame-pointer -march=i386 -mcpu=i686     -D__GW32__ -D_LARGEFILE_SOURCE=1 -D_LARGEFILE64_SOURCE=1 -D_FILE_OFFSET_BITS=64     -Ie:/progra~1/gnuwin32/include -idirafter h:/glibc/include    conftest.c >&5
configure:5356: $? = 0
configure:5360: nm conftest.o \| sed -n -e 's/^.*[ 	]\([ABCDGISTW][ABCDGISTW]*\)[ 	][ 	]*\(\)\([_A-Za-z][_A-Za-z0-9]*\)\{0,1\}$/\1 \2\3 \3/p' \> conftest.nm
configure:5363: $? = 0
cannot find nm_test_var in conftest.nm
configure:5353: gcc -c  -Wall -O3 -fms-extensions -mms-bitfields  -fno-exceptions -fomit-frame-pointer -march=i386 -mcpu=i686     -D__GW32__ -D_LARGEFILE_SOURCE=1 -D_LARGEFILE64_SOURCE=1 -D_FILE_OFFSET_BITS=64     -Ie:/progra~1/gnuwin32/include -idirafter h:/glibc/include    conftest.c >&5
configure:5356: $? = 0
configure:5360: nm conftest.o \| sed -n -e 's/^.*[ 	]\([ABCDGISTW][ABCDGISTW]*\)[ 	][ 	]*\(_\)\([_A-Za-z][_A-Za-z0-9]*\)\{0,1\}$/\1 \2\3 \3/p' \> conftest.nm
configure:5363: $? = 0
configure:5415: gcc -o conftest.exe  -Wall -O3 -fms-extensions -mms-bitfields  -fno-exceptions -fomit-frame-pointer -march=i386 -mcpu=i686     -D__GW32__ -D_LARGEFILE_SOURCE=1 -D_LARGEFILE64_SOURCE=1 -D_FILE_OFFSET_BITS=64     -Ie:/progra~1/gnuwin32/include -idirafter h:/glibc/include     -Wl,-s -Wl,--force-exe-suffix -Wl,--enable-auto-import -Wl,--enable-runtime-pseudo-reloc   conftest.c conftstm.o >&5
configure:5418: $? = 0
configure:5456: result: ok
configure:5460: checking for objdir
configure:5475: result: .libs
configure:5565: checking for ar
configure:5581: found /usr/bin/ar
configure:5592: result: ar
configure:5645: checking for ranlib
configure:5661: found /cygdrive/h/mingw/3.3.1/bin/ranlib
configure:5672: result: ranlib
configure:5725: checking for strip
configure:5741: found /cygdrive/h/mingw/3.3.1/bin/strip
configure:5752: result: strip
configure:6014: checking if gcc static flag  works
configure:6037: result: yes
configure:6054: checking if gcc supports -fno-rtti -fno-exceptions
configure:6075: gcc -c  -Wall -O3 -fms-extensions -mms-bitfields  -fno-exceptions -fomit-frame-pointer -march=i386 -mcpu=i686     -D__GW32__ -D_LARGEFILE_SOURCE=1 -D_LARGEFILE64_SOURCE=1 -D_FILE_OFFSET_BITS=64     -Ie:/progra~1/gnuwin32/include -idirafter h:/glibc/include    -fno-rtti -fno-exceptions conftest.c >&5
cc1.exe: warning: "-fno-rtti" is valid for C++ but not for C/ObjC
configure:6079: $? = 0
configure:6087: result: no
configure:6102: checking for gcc option to produce PIC
configure:6279: result: -DDLL_EXPORT
configure:6286: checking if gcc PIC flag -DDLL_EXPORT works
configure:6307: gcc -c  -Wall -O3 -fms-extensions -mms-bitfields  -fno-exceptions -fomit-frame-pointer -march=i386 -mcpu=i686     -D__GW32__ -D_LARGEFILE_SOURCE=1 -D_LARGEFILE64_SOURCE=1 -D_FILE_OFFSET_BITS=64     -Ie:/progra~1/gnuwin32/include -idirafter h:/glibc/include    -DDLL_EXPORT -DPIC conftest.c >&5
configure:6311: $? = 0
configure:6319: result: yes
configure:6343: checking if gcc supports -c -o file.o
configure:6374: gcc -c  -Wall -O3 -fms-extensions -mms-bitfields  -fno-exceptions -fomit-frame-pointer -march=i386 -mcpu=i686     -D__GW32__ -D_LARGEFILE_SOURCE=1 -D_LARGEFILE64_SOURCE=1 -D_FILE_OFFSET_BITS=64     -Ie:/progra~1/gnuwin32/include -idirafter h:/glibc/include    -o out/conftest2.o conftest.c >&5
configure:6378: $? = 0
configure:6392: result: yes
configure:6418: checking whether the gcc linker (ld) supports shared libraries
configure:7212: result: yes
configure:7238: checking whether -lc should be explicitly linked in
configure:7243: gcc -c  -Wall -O3 -fms-extensions -mms-bitfields  -fno-exceptions -fomit-frame-pointer -march=i386 -mcpu=i686     -D__GW32__ -D_LARGEFILE_SOURCE=1 -D_LARGEFILE64_SOURCE=1 -D_FILE_OFFSET_BITS=64     -Ie:/progra~1/gnuwin32/include -idirafter h:/glibc/include    conftest.c >&5
configure:7246: $? = 0
configure:7260: gcc -shared conftest.o  -v -o ./conftest -Wl,--image-base=0x10000000 -Wl,--out-implib,conftest 2\>\&1 \| grep  -lc  \>/dev/null 2\>\&1
configure:7263: $? = 1
configure:7275: result: yes
configure:7283: checking how to hardcode library paths into programs
configure:7308: result: immediate
configure:7322: checking whether stripping libraries is possible
configure:7327: result: yes
configure:7349: checking dynamic linker characteristics
configure:7872: result: Win32 ld.exe
configure:8598: checking if libtool supports shared libraries
configure:8600: result: yes
configure:8603: checking whether to build shared libraries
configure:8652: result: yes
configure:8655: checking whether to build static libraries
configure:8659: result: no
configure:8750: creating libtool
configure:9294: checking for ld used by g++
configure:9361: result: ld
configure:9370: checking if the linker (ld) is GNU ld
configure:9385: result: yes
configure:9436: checking whether the g++ linker (ld) supports shared libraries
configure:10231: result: yes
configure:10249: g++ -c   -Wall -O3 -fms-extensions -mms-bitfields  -fno-exceptions -fomit-frame-pointer -march=i386 -mcpu=i686    -fconserve-space -fno-rtti     -D__GW32__ -D_LARGEFILE_SOURCE=1 -D_LARGEFILE64_SOURCE=1 -D_FILE_OFFSET_BITS=64     -Ie:/progra~1/gnuwin32/include -idirafter h:/glibc/include    conftest.cc >&5
configure:10252: $? = 0
configure:10348: checking for g++ option to produce PIC
configure:10600: result: -DDLL_EXPORT
configure:10607: checking if g++ PIC flag -DDLL_EXPORT works
configure:10628: g++ -c   -Wall -O3 -fms-extensions -mms-bitfields  -fno-exceptions -fomit-frame-pointer -march=i386 -mcpu=i686    -fconserve-space -fno-rtti     -D__GW32__ -D_LARGEFILE_SOURCE=1 -D_LARGEFILE64_SOURCE=1 -D_FILE_OFFSET_BITS=64     -Ie:/progra~1/gnuwin32/include -idirafter h:/glibc/include    -DDLL_EXPORT -DPIC conftest.cc >&5
configure:10632: $? = 0
configure:10640: result: yes
configure:10664: checking if g++ supports -c -o file.o
configure:10695: g++ -c   -Wall -O3 -fms-extensions -mms-bitfields  -fno-exceptions -fomit-frame-pointer -march=i386 -mcpu=i686    -fconserve-space -fno-rtti     -D__GW32__ -D_LARGEFILE_SOURCE=1 -D_LARGEFILE64_SOURCE=1 -D_FILE_OFFSET_BITS=64     -Ie:/progra~1/gnuwin32/include -idirafter h:/glibc/include    -o out/conftest2.o conftest.cc >&5
configure:10699: $? = 0
configure:10713: result: yes
configure:10739: checking whether the g++ linker (ld) supports shared libraries
configure:10764: result: yes
configure:10835: checking how to hardcode library paths into programs
configure:10860: result: immediate
configure:10874: checking whether stripping libraries is possible
configure:10879: result: yes
configure:10901: checking dynamic linker characteristics
configure:11424: result: Win32 ld.exe
configure:12623: checking if libtool supports shared libraries
configure:12625: result: yes
configure:12628: checking whether to build shared libraries
configure:12646: result: yes
configure:12649: checking whether to build static libraries
configure:12653: result: no
configure:12665: checking for g77 option to produce PIC
configure:12842: result: -DDLL_EXPORT
configure:12849: checking if g77 PIC flag -DDLL_EXPORT works
configure:12870: g77 -c -g -O2 -DDLL_EXPORT conftest.f >&5
configure:12874: $? = 0
configure:12882: result: yes
configure:12906: checking if g77 supports -c -o file.o
configure:12937: g77 -c -g -O2 -o out/conftest2.o conftest.f >&5
configure:12941: $? = 0
configure:12955: result: yes
configure:12981: checking whether the g77 linker (ld) supports shared libraries
configure:13753: result: yes
configure:13824: checking how to hardcode library paths into programs
configure:13849: result: immediate
configure:13863: checking whether stripping libraries is possible
configure:13868: result: yes
configure:13890: checking dynamic linker characteristics
configure:14413: result: Win32 ld.exe
configure:18316: checking for nl_langinfo and CODESET
configure:18338: gcc -o conftest.exe  -Wall -O3 -fms-extensions -mms-bitfields  -fno-exceptions -fomit-frame-pointer -march=i386 -mcpu=i686     -D__GW32__ -D_LARGEFILE_SOURCE=1 -D_LARGEFILE64_SOURCE=1 -D_FILE_OFFSET_BITS=64     -Ie:/progra~1/gnuwin32/include -idirafter h:/glibc/include     -Wl,-s -Wl,--force-exe-suffix -Wl,--enable-auto-import -Wl,--enable-runtime-pseudo-reloc   conftest.c  -Wl,-s  -Le:/progra~1/gnuwin32/lib -lgw32c  -liberty -lintl -liconv -lwsock32 -lole32 -luuid -lmsvcp60   >&5
configure: In function `main':
configure:18348: warning: unused variable `cs'
configure:18341: $? = 0
configure:18344: test -s conftest.exe
configure:18347: $? = 0
configure:18359: result: yes
configure:18370: checking whether we are using the GNU C Library 2.1 or newer
configure:18402: result: yes
configure:18424: checking stddef.h usability
configure:18437: gcc -c  -Wall -O3 -fms-extensions -mms-bitfields  -fno-exceptions -fomit-frame-pointer -march=i386 -mcpu=i686     -D__GW32__ -D_LARGEFILE_SOURCE=1 -D_LARGEFILE64_SOURCE=1 -D_FILE_OFFSET_BITS=64     -Ie:/progra~1/gnuwin32/include -idirafter h:/glibc/include    conftest.c >&5
configure:18440: $? = 0
configure:18443: test -s conftest.o
configure:18446: $? = 0
configure:18456: result: yes
configure:18460: checking stddef.h presence
configure:18471: gcc -E   -D__GW32__ -D_LARGEFILE_SOURCE=1 -D_LARGEFILE64_SOURCE=1 -D_FILE_OFFSET_BITS=64     -Ie:/progra~1/gnuwin32/include -idirafter h:/glibc/include    conftest.c
configure:18477: $? = 0
configure:18496: result: yes
configure:18532: checking for stddef.h
configure:18539: result: yes
configure:18415: checking for stdlib.h
configure:18420: result: yes
configure:18415: checking for string.h
configure:18420: result: yes
configure:18556: checking for setlocale
configure:18606: gcc -o conftest.exe  -Wall -O3 -fms-extensions -mms-bitfields  -fno-exceptions -fomit-frame-pointer -march=i386 -mcpu=i686     -D__GW32__ -D_LARGEFILE_SOURCE=1 -D_LARGEFILE64_SOURCE=1 -D_FILE_OFFSET_BITS=64     -Ie:/progra~1/gnuwin32/include -idirafter h:/glibc/include     -Wl,-s -Wl,--force-exe-suffix -Wl,--enable-auto-import -Wl,--enable-runtime-pseudo-reloc   conftest.c  -Wl,-s  -Le:/progra~1/gnuwin32/lib -lgw32c  -liberty -lintl -liconv -lwsock32 -lole32 -luuid -lmsvcp60   >&5
configure:18609: $? = 0
configure:18612: test -s conftest.exe
configure:18615: $? = 0
configure:18626: result: yes
configure:18733: creating ./config.status

## ---------------------- ##
## Running config.status. ##
## ---------------------- ##

This file was extended by config.status, which was
generated by GNU Autoconf 2.57.  Invocation command line was

  CONFIG_FILES    = 
  CONFIG_HEADERS  = 
  CONFIG_LINKS    = 
  CONFIG_COMMANDS = 
  $ ./config.status 

on gamma

config.status:651: creating Makefile
config.status:651: creating lib/Makefile
config.status:748: creating config.h

## ---------------- ##
## Cache variables. ##
## ---------------- ##

ac_cv_build=i386-pc-mingw32
ac_cv_build_alias=i386-pc-mingw32
ac_cv_c_compiler_gnu=yes
ac_cv_cxx_compiler_gnu=yes
ac_cv_env_CC_set=
ac_cv_env_CC_value=
ac_cv_env_CFLAGS_set=
ac_cv_env_CFLAGS_value=
ac_cv_env_CPPFLAGS_set=
ac_cv_env_CPPFLAGS_value=
ac_cv_env_CPP_set=
ac_cv_env_CPP_value=
ac_cv_env_CXXCPP_set=
ac_cv_env_CXXCPP_value=
ac_cv_env_CXXFLAGS_set=
ac_cv_env_CXXFLAGS_value=
ac_cv_env_CXX_set=
ac_cv_env_CXX_value=
ac_cv_env_F77_set=
ac_cv_env_F77_value=
ac_cv_env_FFLAGS_set=
ac_cv_env_FFLAGS_value=
ac_cv_env_LDFLAGS_set=
ac_cv_env_LDFLAGS_value=
ac_cv_env_build_alias_set=
ac_cv_env_build_alias_value=
ac_cv_env_host_alias_set=
ac_cv_env_host_alias_value=
ac_cv_env_target_alias_set=
ac_cv_env_target_alias_value=
ac_cv_exeext=.exe
ac_cv_f77_compiler_gnu=yes
ac_cv_func_connect=yes
ac_cv_func_fchdir=no
ac_cv_func_fork=no
ac_cv_func_ftruncate=yes
ac_cv_func_gethostbyaddr=yes
ac_cv_func_gethostbyname=yes
ac_cv_func_gethostname=yes
ac_cv_func_inet_ntoa=yes
ac_cv_func_mkstemp=yes
ac_cv_func_setlocale=yes
ac_cv_func_vfork=no
ac_cv_func_working_mktime=yes
ac_cv_gnu_library_2_1=yes
ac_cv_header_dlfcn_h=yes
ac_cv_header_inttypes_h=yes
ac_cv_header_memory_h=yes
ac_cv_header_minix_config_h=no
ac_cv_header_stdc=yes
ac_cv_header_stddef_h=yes
ac_cv_header_stdint_h=yes
ac_cv_header_stdlib_h=yes
ac_cv_header_string_h=yes
ac_cv_header_strings_h=yes
ac_cv_header_sys_stat_h=yes
ac_cv_header_sys_types_h=yes
ac_cv_header_unistd_h=yes
ac_cv_host=i386-pc-mingw32
ac_cv_host_alias=i386-pc-mingw32
ac_cv_lib_cposix_strerror=no
ac_cv_objext=o
ac_cv_prog_CPP='gcc -E'
ac_cv_prog_CXXCPP='g++ -E'
ac_cv_prog_LN_S='cp -fp'
ac_cv_prog_ac_ct_AR=ar
ac_cv_prog_ac_ct_AS=as
ac_cv_prog_ac_ct_CC=gcc
ac_cv_prog_ac_ct_DLLTOOL=dlltool
ac_cv_prog_ac_ct_F77=g77
ac_cv_prog_ac_ct_OBJDUMP=objdump
ac_cv_prog_ac_ct_RANLIB=ranlib
ac_cv_prog_ac_ct_STRIP=strip
ac_cv_prog_cc_g=yes
ac_cv_prog_cc_stdc=
ac_cv_prog_cxx_g=yes
ac_cv_prog_egrep='grep -E'
ac_cv_prog_f77_g=yes
ac_cv_prog_gcc_traditional=no
ac_cv_prog_make_make_set=yes
ac_cv_sys_file_offset_bits=64
ac_cv_sys_large_files=1
ac_cv_sys_largefile_source=1
ac_cv_var_tzname=yes
am_cv_langinfo_codeset=yes
cl_cv_prog_LN='cp -fp'
cl_cv_prog_LN_S='cp -fp'
lt_cv_deplibs_check_method='file_magic ^x86 archive import|^x86 DLL'
lt_cv_file_magic_cmd=win32_libid
lt_cv_file_magic_test_file=
lt_cv_ld_reload_flag=-r
lt_cv_objdir=.libs
lt_cv_path_LD=ld
lt_cv_path_LDCXX=ld
lt_cv_path_NM=nm
lt_cv_path_SED=/usr/bin/sed
lt_cv_prog_compiler_c_o=yes
lt_cv_prog_compiler_c_o_CXX=yes
lt_cv_prog_compiler_c_o_F77=yes
lt_cv_prog_compiler_rtti_exceptions=no
lt_cv_prog_gnu_ld=yes
lt_cv_prog_gnu_ldcxx=yes
lt_cv_sys_global_symbol_pipe='sed -n -e '\''s/^.*[ 	]\([ABCDGISTW][ABCDGISTW]*\)[ 	][ 	]*\(_\)\([_A-Za-z][_A-Za-z0-9]*\)\{0,1\}$/\1 \2\3 \3/p'\'''
lt_cv_sys_global_symbol_to_c_name_address='sed -n -e '\''s/^: \([^ ]*\) $/  {\"\1\", (lt_ptr) 0},/p'\'' -e '\''s/^[BCDEGRST] \([^ ]*\) \([^ ]*\)$/  {"\2", (lt_ptr) \&\2},/p'\'''
lt_cv_sys_global_symbol_to_cdecl='sed -n -e '\''s/^. .* \(.*\)$/extern int \1;/p'\'''
lt_cv_sys_max_cmd_len=8192
lt_lt_cv_prog_compiler_c_o='"yes"'
lt_lt_cv_prog_compiler_c_o_CXX='"yes"'
lt_lt_cv_prog_compiler_c_o_F77='"yes"'
lt_lt_cv_sys_global_symbol_pipe='"sed -n -e '\''s/^.*[ 	]\\([ABCDGISTW][ABCDGISTW]*\\)[ 	][ 	]*\\(_\\)\\([_A-Za-z][_A-Za-z0-9]*\\)\\{0,1\\}\$/\\1 \\2\\3 \\3/p'\''"'
lt_lt_cv_sys_global_symbol_to_c_name_address='"sed -n -e '\''s/^: \\([^ ]*\\) \$/  {\\\"\\1\\\", (lt_ptr) 0},/p'\'' -e '\''s/^[BCDEGRST] \\([^ ]*\\) \\([^ ]*\\)\$/  {\"\\2\", (lt_ptr) \\&\\2},/p'\''"'
lt_lt_cv_sys_global_symbol_to_cdecl='"sed -n -e '\''s/^. .* \\(.*\\)\$/extern int \\1;/p'\''"'
nls_cv_use_gnu_gettext=yes

## ----------------- ##
## Output variables. ##
## ----------------- ##

AR='ar'
AS='as'
CC='gcc'
CFLAGS=' -Wall -O3 -fms-extensions -mms-bitfields  -fno-exceptions -fomit-frame-pointer -march=i386 -mcpu=i686  '
CPP='gcc -E'
CPPFLAGS='  -D__GW32__ -D_LARGEFILE_SOURCE=1 -D_LARGEFILE64_SOURCE=1 -D_FILE_OFFSET_BITS=64     -Ie:/progra~1/gnuwin32/include -idirafter h:/glibc/include   '
CXX='g++'
CXXCPP='g++ -E'
CXXFLAGS='  -Wall -O3 -fms-extensions -mms-bitfields  -fno-exceptions -fomit-frame-pointer -march=i386 -mcpu=i686    -fconserve-space -fno-rtti  '
DEFS='-DHAVE_CONFIG_H'
DLLTOOL='dlltool'
ECHO='echo'
ECHO_C=''
ECHO_N='-n'
ECHO_T=''
EGREP='grep -E'
EXEEXT='.exe'
F77='g77'
FFLAGS='-g -O2'
GLIBC21='yes'
INSTALL_DATA='/bin/install.exe -cp'
INSTALL_PROGRAM='/bin/install.exe -cpD'
INSTALL_SCRIPT='${INSTALL}'
LDFLAGS=' -Wl,-s -Wl,--force-exe-suffix -Wl,--enable-auto-import -Wl,--enable-runtime-pseudo-reloc  '
LIBOBJS=''
LIBS=' -Wl,-s  -Le:/progra~1/gnuwin32/lib -lgw32c  -liberty -lintl -liconv -lwsock32 -lole32 -luuid -lmsvcp60  '
LIBTOOL='$(SHELL) $(top_builddir)/libtool'
LN_S='ln -s'
LTLIBOBJS=''
OBJDUMP='objdump'
OBJEXT='o'
PACKAGE=''
PACKAGE_BUGREPORT=''
PACKAGE_NAME=''
PACKAGE_STRING=''
PACKAGE_TARNAME=''
PACKAGE_VERSION=''
PATH_SEPARATOR=':'
RANLIB='ranlib'
RELOCATABLE='yes'
SET_MAKE=''
SHELL='/bin/sh'
STRIP='strip'
VERSION=''
ac_ct_AR='ar'
ac_ct_AS='as'
ac_ct_CC='gcc'
ac_ct_CXX=''
ac_ct_DLLTOOL='dlltool'
ac_ct_F77='g77'
ac_ct_OBJDUMP='objdump'
ac_ct_RANLIB='ranlib'
ac_ct_STRIP='strip'
bindir='${exec_prefix}/bin'
build='i386-pc-mingw32'
build_alias='i386-pc-mingw32'
build_cpu='i386'
build_os='mingw32'
build_vendor='pc'
datadir='${prefix}/share'
exec_prefix='${prefix}'
host='i386-pc-mingw32'
host_alias='i386-pc-mingw32'
host_cpu='i386'
host_os='mingw32'
host_vendor='pc'
includedir='${prefix}/include'
infodir='${prefix}/info'
libdir='${exec_prefix}/lib'
libexecdir='${exec_prefix}/libexec'
localstatedir='${prefix}/var'
mandir='${datadir}/man'
oldincludedir='/usr/include'
prefix='c:/progra~1/LibIconv'
program_transform_name='s,x,x,'
sbindir='${exec_prefix}/sbin'
sharedstatedir='${prefix}/com'
sysconfdir='${prefix}/etc'
target_alias='i386-pc-mingw32'

## ----------- ##
## confdefs.h. ##
## ----------- ##

#define HAVE_DLFCN_H 1
#define HAVE_INTTYPES_H 1
#define HAVE_LANGINFO_CODESET 1
#define HAVE_MEMORY_H 1
#define HAVE_SETLOCALE 1
#define HAVE_STDDEF_H 1
#define HAVE_STDINT_H 1
#define HAVE_STDLIB_H 1
#define HAVE_STDLIB_H 1
#define HAVE_STRINGS_H 1
#define HAVE_STRING_H 1
#define HAVE_STRING_H 1
#define HAVE_SYS_STAT_H 1
#define HAVE_SYS_TYPES_H 1
#define HAVE_UNISTD_H 1
#define INSTALLPREFIX "c:/progra~1/LibIconv"
#define PACKAGE_BUGREPORT ""
#define PACKAGE_NAME ""
#define PACKAGE_STRING ""
#define PACKAGE_TARNAME ""
#define PACKAGE_VERSION ""
#define STDC_HEADERS 1
#endif
#ifdef __cplusplus
#include <stdlib.h>

configure: exit 0

## ---------------------- ##
## Running config.status. ##
## ---------------------- ##

This file was extended by config.status, which was
generated by GNU Autoconf 2.57.  Invocation command line was

  CONFIG_FILES    = 
  CONFIG_HEADERS  = 
  CONFIG_LINKS    = 
  CONFIG_COMMANDS = 
  $ ./config.status 

on gamma

config.status:651: creating Makefile
config.status:651: creating lib/Makefile
config.status:748: creating config.h

## ---------------------- ##
## Running config.status. ##
## ---------------------- ##

This file was extended by config.status, which was
generated by GNU Autoconf 2.57.  Invocation command line was

  CONFIG_FILES    = 
  CONFIG_HEADERS  = 
  CONFIG_LINKS    = 
  CONFIG_COMMANDS = 
  $ ./config.status 

on gamma

config.status:651: creating Makefile
config.status:651: creating lib/Makefile
config.status:748: creating config.h
config.status:863: config.h is unchanged

## ---------------------- ##
## Running config.status. ##
## ---------------------- ##

This file was extended by config.status, which was
generated by GNU Autoconf 2.57.  Invocation command line was

  CONFIG_FILES    = 
  CONFIG_HEADERS  = 
  CONFIG_LINKS    = 
  CONFIG_COMMANDS = 
  $ ./config.status 

on gamma

config.status:651: creating Makefile
config.status:651: creating lib/Makefile
config.status:748: creating config.h
config.status:863: config.h is unchanged

## ---------------------- ##
## Running config.status. ##
## ---------------------- ##

This file was extended by config.status, which was
generated by GNU Autoconf 2.57.  Invocation command line was

  CONFIG_FILES    = 
  CONFIG_HEADERS  = 
  CONFIG_LINKS    = 
  CONFIG_COMMANDS = 
  $ ./config.status 

on gamma

config.status:651: creating Makefile
config.status:651: creating lib/Makefile
config.status:748: creating config.h
config.status:863: config.h is unchanged

## ---------------------- ##
## Running config.status. ##
## ---------------------- ##

This file was extended by config.status, which was
generated by GNU Autoconf 2.57.  Invocation command line was

  CONFIG_FILES    = 
  CONFIG_HEADERS  = 
  CONFIG_LINKS    = 
  CONFIG_COMMANDS = 
  $ ./config.status 

on gamma

config.status:651: creating Makefile
config.status:651: creating lib/Makefile
config.status:748: creating config.h
config.status:863: config.h is unchanged

## ---------------------- ##
## Running config.status. ##
## ---------------------- ##

This file was extended by config.status, which was
generated by GNU Autoconf 2.57.  Invocation command line was

  CONFIG_FILES    = 
  CONFIG_HEADERS  = 
  CONFIG_LINKS    = 
  CONFIG_COMMANDS = 
  $ ./config.status 

on gamma

config.status:651: creating Makefile
config.status:651: creating lib/Makefile
config.status:748: creating config.h
config.status:863: config.h is unchanged

## ---------------------- ##
## Running config.status. ##
## ---------------------- ##

This file was extended by config.status, which was
generated by GNU Autoconf 2.57.  Invocation command line was

  CONFIG_FILES    = 
  CONFIG_HEADERS  = 
  CONFIG_LINKS    = 
  CONFIG_COMMANDS = 
  $ ./config.status 

on gamma

config.status:651: creating Makefile
config.status:651: creating lib/Makefile
config.status:748: creating config.h
config.status:863: config.h is unchanged

## ---------------------- ##
## Running config.status. ##
## ---------------------- ##

This file was extended by config.status, which was
generated by GNU Autoconf 2.57.  Invocation command line was

  CONFIG_FILES    = 
  CONFIG_HEADERS  = 
  CONFIG_LINKS    = 
  CONFIG_COMMANDS = 
  $ ./config.status lib/Makefile

on gamma

config.status:651: creating lib/Makefile

## ---------------------- ##
## Running config.status. ##
## ---------------------- ##

This file was extended by config.status, which was
generated by GNU Autoconf 2.57.  Invocation command line was

  CONFIG_FILES    = 
  CONFIG_HEADERS  = 
  CONFIG_LINKS    = 
  CONFIG_COMMANDS = 
  $ ./config.status lib/Makefile

on gamma

config.status:651: creating lib/Makefile

## ---------------------- ##
## Running config.status. ##
## ---------------------- ##

This file was extended by config.status, which was
generated by GNU Autoconf 2.57.  Invocation command line was

  CONFIG_FILES    = 
  CONFIG_HEADERS  = 
  CONFIG_LINKS    = 
  CONFIG_COMMANDS = 
  $ ./config.status lib/Makefile

on gamma

config.status:651: creating lib/Makefile

## ---------------------- ##
## Running config.status. ##
## ---------------------- ##

This file was extended by config.status, which was
generated by GNU Autoconf 2.57.  Invocation command line was

  CONFIG_FILES    = 
  CONFIG_HEADERS  = 
  CONFIG_LINKS    = 
  CONFIG_COMMANDS = 
  $ ./config.status lib/Makefile

on gamma

config.status:651: creating lib/Makefile

## ---------------------- ##
## Running config.status. ##
## ---------------------- ##

This file was extended by config.status, which was
generated by GNU Autoconf 2.57.  Invocation command line was

  CONFIG_FILES    = 
  CONFIG_HEADERS  = 
  CONFIG_LINKS    = 
  CONFIG_COMMANDS = 
  $ ./config.status lib/Makefile

on gamma

config.status:651: creating lib/Makefile

## ---------------------- ##
## Running config.status. ##
## ---------------------- ##

This file was extended by config.status, which was
generated by GNU Autoconf 2.57.  Invocation command line was

  CONFIG_FILES    = 
  CONFIG_HEADERS  = 
  CONFIG_LINKS    = 
  CONFIG_COMMANDS = 
  $ ./config.status lib/Makefile

on gamma

config.status:651: creating lib/Makefile
